<?xml version="1.0" encoding="UTF-8"?>
<testng-results skipped="0" failed="1" ignored="0" total="2" passed="1">
  <reporter-output>
  </reporter-output>
  <suite name="Default suite" duration-ms="5595" started-at="2021-06-01T18:14:48Z" finished-at="2021-06-01T18:14:53Z">
    <groups>
    </groups>
    <test name="Default test" duration-ms="5595" started-at="2021-06-01T18:14:48Z" finished-at="2021-06-01T18:14:53Z">
      <class name="test.TestLogin">
        <test-method status="PASS" signature="createDriver()[pri:0, instance:test.TestLogin@91161c7]" name="createDriver" is-config="true" duration-ms="2024" started-at="2021-06-01T18:14:48Z" finished-at="2021-06-01T18:14:50Z">
          <reporter-output>
          </reporter-output>
        </test-method> <!-- createDriver -->
        <test-method status="FAIL" signature="testCredentials()[pri:0, instance:test.TestLogin@91161c7]" name="testCredentials" duration-ms="2222" started-at="2021-06-01T18:14:50Z" finished-at="2021-06-01T18:14:52Z">
          <exception class="java.lang.AssertionError">
            <message>
              <![CDATA[The following asserts failed:
expected [https://www.saucedemo.com/inventory.html] but found [https://www.saucedemo.com/]]]>
            </message>
            <full-stacktrace>
              <![CDATA[java.lang.AssertionError: The following asserts failed:
expected [https://www.saucedemo.com/inventory.html] but found [https://www.saucedemo.com/]
at org.testng.asserts.SoftAssert.assertAll(SoftAssert.java:43)
at test.TestLogin.testCredentials(TestLogin.java:103)
at sun.reflect.NativeMethodAccessorImpl.invoke0(Native Method)
at sun.reflect.NativeMethodAccessorImpl.invoke(Unknown Source)
at sun.reflect.DelegatingMethodAccessorImpl.invoke(Unknown Source)
at java.lang.reflect.Method.invoke(Unknown Source)
at org.testng.internal.MethodInvocationHelper.invokeMethod(MethodInvocationHelper.java:124)
at org.testng.internal.Invoker.invokeMethod(Invoker.java:583)
at org.testng.internal.Invoker.invokeTestMethod(Invoker.java:719)
at org.testng.internal.Invoker.invokeTestMethods(Invoker.java:989)
at org.testng.internal.TestMethodWorker.invokeTestMethods(TestMethodWorker.java:125)
at org.testng.internal.TestMethodWorker.run(TestMethodWorker.java:109)
at org.testng.TestRunner.privateRun(TestRunner.java:648)
at org.testng.TestRunner.run(TestRunner.java:505)
at org.testng.SuiteRunner.runTest(SuiteRunner.java:455)
at org.testng.SuiteRunner.runSequentially(SuiteRunner.java:450)
at org.testng.SuiteRunner.privateRun(SuiteRunner.java:415)
at org.testng.SuiteRunner.run(SuiteRunner.java:364)
at org.testng.SuiteRunnerWorker.runSuite(SuiteRunnerWorker.java:52)
at org.testng.SuiteRunnerWorker.run(SuiteRunnerWorker.java:84)
at org.testng.TestNG.runSuitesSequentially(TestNG.java:1208)
at org.testng.TestNG.runSuitesLocally(TestNG.java:1137)
at org.testng.TestNG.runSuites(TestNG.java:1049)
at org.testng.TestNG.run(TestNG.java:1017)
at org.testng.remote.AbstractRemoteTestNG.run(AbstractRemoteTestNG.java:115)
at org.testng.remote.RemoteTestNG.initAndRun(RemoteTestNG.java:251)
at org.testng.remote.RemoteTestNG.main(RemoteTestNG.java:77)
]]>
            </full-stacktrace>
          </exception> <!-- java.lang.AssertionError -->
          <reporter-output>
          </reporter-output>
        </test-method> <!-- testCredentials -->
        <test-method status="PASS" signature="testValidCredentials()[pri:0, instance:test.TestLogin@91161c7]" name="testValidCredentials" duration-ms="1106" started-at="2021-06-01T18:14:52Z" finished-at="2021-06-01T18:14:53Z">
          <reporter-output>
          </reporter-output>
        </test-method> <!-- testValidCredentials -->
        <test-method status="PASS" signature="closeDriver()[pri:0, instance:test.TestLogin@91161c7]" name="closeDriver" is-config="true" duration-ms="211" started-at="2021-06-01T18:14:53Z" finished-at="2021-06-01T18:14:53Z">
          <reporter-output>
          </reporter-output>
        </test-method> <!-- closeDriver -->
      </class> <!-- test.TestLogin -->
    </test> <!-- Default test -->
  </suite> <!-- Default suite -->
</testng-results>
